<?xml version="1.0" encoding="UTF-8"?>
<coverage generated="1670411969165" clover="3.2.0">
  <project timestamp="1670411969165" name="All files">
    <metrics statements="518" coveredstatements="518" conditionals="71" coveredconditionals="71" methods="18" coveredmethods="18" elements="607" coveredelements="607" complexity="0" loc="518" ncloc="518" packages="2" files="5" classes="5"/>
    <package name="src">
      <metrics statements="4" coveredstatements="4" conditionals="0" coveredconditionals="0" methods="0" coveredmethods="0"/>
      <file name="setupTests.ts" path="/home/david/projects/checkout-form/src/setupTests.ts">
        <metrics statements="4" coveredstatements="4" conditionals="0" coveredconditionals="0" methods="0" coveredmethods="0"/>
        <line num="1" count="1" type="stmt"/>
        <line num="2" count="1" type="stmt"/>
        <line num="3" count="1" type="stmt"/>
        <line num="4" count="1" type="stmt"/>
      </file>
    </package>
    <package name="src.components">
      <metrics statements="514" coveredstatements="514" conditionals="71" coveredconditionals="71" methods="18" coveredmethods="18"/>
      <file name="Checkout.tsx" path="/home/david/projects/checkout-form/src/components/Checkout.tsx">
        <metrics statements="253" coveredstatements="253" conditionals="23" coveredconditionals="23" methods="4" coveredmethods="4"/>
        <line num="1" count="1" type="stmt"/>
        <line num="2" count="1" type="stmt"/>
        <line num="3" count="1" type="stmt"/>
        <line num="4" count="1" type="stmt"/>
        <line num="5" count="1" type="stmt"/>
        <line num="6" count="1" type="stmt"/>
        <line num="7" count="1" type="stmt"/>
        <line num="8" count="1" type="stmt"/>
        <line num="9" count="1" type="stmt"/>
        <line num="10" count="1" type="stmt"/>
        <line num="11" count="1" type="stmt"/>
        <line num="12" count="1" type="stmt"/>
        <line num="13" count="1" type="stmt"/>
        <line num="14" count="1" type="stmt"/>
        <line num="15" count="1" type="stmt"/>
        <line num="16" count="1" type="stmt"/>
        <line num="17" count="1" type="stmt"/>
        <line num="18" count="1" type="stmt"/>
        <line num="19" count="1" type="stmt"/>
        <line num="20" count="1" type="stmt"/>
        <line num="21" count="1" type="stmt"/>
        <line num="22" count="1" type="stmt"/>
        <line num="23" count="1" type="stmt"/>
        <line num="24" count="1" type="stmt"/>
        <line num="25" count="1" type="stmt"/>
        <line num="26" count="1" type="stmt"/>
        <line num="27" count="1" type="stmt"/>
        <line num="28" count="1" type="stmt"/>
        <line num="29" count="1" type="stmt"/>
        <line num="30" count="1" type="stmt"/>
        <line num="31" count="1" type="stmt"/>
        <line num="32" count="1" type="stmt"/>
        <line num="33" count="1" type="stmt"/>
        <line num="34" count="1" type="stmt"/>
        <line num="35" count="1" type="stmt"/>
        <line num="36" count="1" type="stmt"/>
        <line num="37" count="1" type="stmt"/>
        <line num="38" count="162" type="cond" truecount="1" falsecount="0"/>
        <line num="39" count="162" type="stmt"/>
        <line num="40" count="162" type="stmt"/>
        <line num="41" count="162" type="stmt"/>
        <line num="42" count="162" type="stmt"/>
        <line num="43" count="162" type="stmt"/>
        <line num="44" count="162" type="stmt"/>
        <line num="45" count="162" type="stmt"/>
        <line num="46" count="162" type="stmt"/>
        <line num="47" count="162" type="stmt"/>
        <line num="48" count="162" type="stmt"/>
        <line num="49" count="162" type="stmt"/>
        <line num="50" count="162" type="stmt"/>
        <line num="51" count="162" type="stmt"/>
        <line num="52" count="162" type="stmt"/>
        <line num="53" count="162" type="stmt"/>
        <line num="54" count="162" type="stmt"/>
        <line num="55" count="162" type="stmt"/>
        <line num="56" count="162" type="stmt"/>
        <line num="57" count="162" type="stmt"/>
        <line num="58" count="162" type="stmt"/>
        <line num="59" count="162" type="stmt"/>
        <line num="60" count="162" type="stmt"/>
        <line num="61" count="162" type="cond" truecount="1" falsecount="0"/>
        <line num="62" count="136" type="cond" truecount="1" falsecount="0"/>
        <line num="63" count="1" type="stmt"/>
        <line num="64" count="1" type="stmt"/>
        <line num="65" count="162" type="stmt"/>
        <line num="66" count="162" type="stmt"/>
        <line num="67" count="162" type="cond" truecount="1" falsecount="0"/>
        <line num="68" count="6" type="stmt"/>
        <line num="69" count="162" type="stmt"/>
        <line num="70" count="162" type="stmt"/>
        <line num="71" count="162" type="cond" truecount="1" falsecount="0"/>
        <line num="72" count="9" type="cond" truecount="1" falsecount="0"/>
        <line num="73" count="2" type="stmt"/>
        <line num="74" count="2" type="cond" truecount="1" falsecount="0"/>
        <line num="75" count="1" type="stmt"/>
        <line num="76" count="2" type="stmt"/>
        <line num="77" count="2" type="stmt"/>
        <line num="78" count="162" type="stmt"/>
        <line num="79" count="162" type="stmt"/>
        <line num="80" count="162" type="cond" truecount="1" falsecount="0"/>
        <line num="81" count="152" type="stmt"/>
        <line num="82" count="152" type="cond" truecount="1" falsecount="0"/>
        <line num="83" count="16" type="stmt"/>
        <line num="84" count="16" type="stmt"/>
        <line num="85" count="16" type="stmt"/>
        <line num="86" count="16" type="stmt"/>
        <line num="87" count="16" type="stmt"/>
        <line num="88" count="152" type="cond" truecount="1" falsecount="0"/>
        <line num="89" count="95" type="stmt"/>
        <line num="90" count="95" type="stmt"/>
        <line num="91" count="95" type="stmt"/>
        <line num="92" count="95" type="stmt"/>
        <line num="93" count="95" type="stmt"/>
        <line num="94" count="95" type="stmt"/>
        <line num="95" count="95" type="stmt"/>
        <line num="96" count="152" type="cond" truecount="1" falsecount="0"/>
        <line num="97" count="19" type="stmt"/>
        <line num="98" count="19" type="stmt"/>
        <line num="99" count="152" type="cond" truecount="1" falsecount="0"/>
        <line num="100" count="12" type="stmt"/>
        <line num="101" count="12" type="stmt"/>
        <line num="102" count="152" type="cond" truecount="1" falsecount="0"/>
        <line num="103" count="10" type="stmt"/>
        <line num="104" count="10" type="stmt"/>
        <line num="105" count="10" type="stmt"/>
        <line num="106" count="10" type="stmt"/>
        <line num="107" count="10" type="stmt"/>
        <line num="108" count="152" type="stmt"/>
        <line num="109" count="152" type="stmt"/>
        <line num="110" count="162" type="stmt"/>
        <line num="111" count="162" type="cond" truecount="1" falsecount="0"/>
        <line num="112" count="4" type="stmt"/>
        <line num="113" count="4" type="stmt"/>
        <line num="114" count="4" type="cond" truecount="1" falsecount="0"/>
        <line num="115" count="2" type="stmt"/>
        <line num="116" count="2" type="stmt"/>
        <line num="117" count="2" type="stmt"/>
        <line num="118" count="2" type="stmt"/>
        <line num="119" count="2" type="stmt"/>
        <line num="120" count="2" type="stmt"/>
        <line num="121" count="2" type="stmt"/>
        <line num="122" count="2" type="stmt"/>
        <line num="123" count="2" type="stmt"/>
        <line num="124" count="2" type="stmt"/>
        <line num="125" count="2" type="stmt"/>
        <line num="126" count="2" type="stmt"/>
        <line num="127" count="4" type="stmt"/>
        <line num="128" count="162" type="stmt"/>
        <line num="129" count="162" type="stmt"/>
        <line num="130" count="162" type="stmt"/>
        <line num="131" count="162" type="stmt"/>
        <line num="132" count="162" type="stmt"/>
        <line num="133" count="162" type="stmt"/>
        <line num="134" count="162" type="stmt"/>
        <line num="135" count="162" type="cond" truecount="1" falsecount="0"/>
        <line num="136" count="162" type="stmt"/>
        <line num="137" count="162" type="stmt"/>
        <line num="138" count="162" type="stmt"/>
        <line num="139" count="162" type="stmt"/>
        <line num="140" count="162" type="stmt"/>
        <line num="141" count="162" type="stmt"/>
        <line num="142" count="162" type="stmt"/>
        <line num="143" count="162" type="stmt"/>
        <line num="144" count="162" type="stmt"/>
        <line num="145" count="162" type="stmt"/>
        <line num="146" count="162" type="stmt"/>
        <line num="147" count="162" type="stmt"/>
        <line num="148" count="162" type="stmt"/>
        <line num="149" count="162" type="stmt"/>
        <line num="150" count="162" type="cond" truecount="1" falsecount="0"/>
        <line num="151" count="4" type="stmt"/>
        <line num="152" count="4" type="stmt"/>
        <line num="153" count="162" type="stmt"/>
        <line num="154" count="162" type="stmt"/>
        <line num="155" count="162" type="stmt"/>
        <line num="156" count="162" type="stmt"/>
        <line num="157" count="162" type="stmt"/>
        <line num="158" count="162" type="stmt"/>
        <line num="159" count="162" type="stmt"/>
        <line num="160" count="162" type="stmt"/>
        <line num="161" count="162" type="stmt"/>
        <line num="162" count="162" type="stmt"/>
        <line num="163" count="162" type="stmt"/>
        <line num="164" count="162" type="stmt"/>
        <line num="165" count="162" type="stmt"/>
        <line num="166" count="162" type="stmt"/>
        <line num="167" count="162" type="stmt"/>
        <line num="168" count="162" type="cond" truecount="1" falsecount="0"/>
        <line num="169" count="3" type="stmt"/>
        <line num="170" count="3" type="stmt"/>
        <line num="171" count="3" type="stmt"/>
        <line num="172" count="3" type="stmt"/>
        <line num="173" count="162" type="stmt"/>
        <line num="174" count="162" type="stmt"/>
        <line num="175" count="162" type="stmt"/>
        <line num="176" count="162" type="stmt"/>
        <line num="177" count="162" type="stmt"/>
        <line num="178" count="162" type="stmt"/>
        <line num="179" count="162" type="stmt"/>
        <line num="180" count="162" type="stmt"/>
        <line num="181" count="162" type="stmt"/>
        <line num="182" count="162" type="stmt"/>
        <line num="183" count="162" type="stmt"/>
        <line num="184" count="162" type="stmt"/>
        <line num="185" count="162" type="stmt"/>
        <line num="186" count="162" type="stmt"/>
        <line num="187" count="162" type="stmt"/>
        <line num="188" count="162" type="stmt"/>
        <line num="189" count="162" type="stmt"/>
        <line num="190" count="162" type="cond" truecount="1" falsecount="0"/>
        <line num="191" count="4" type="stmt"/>
        <line num="192" count="4" type="stmt"/>
        <line num="193" count="4" type="stmt"/>
        <line num="194" count="4" type="stmt"/>
        <line num="195" count="162" type="stmt"/>
        <line num="196" count="162" type="stmt"/>
        <line num="197" count="162" type="stmt"/>
        <line num="198" count="162" type="stmt"/>
        <line num="199" count="162" type="stmt"/>
        <line num="200" count="162" type="stmt"/>
        <line num="201" count="162" type="stmt"/>
        <line num="202" count="162" type="stmt"/>
        <line num="203" count="162" type="stmt"/>
        <line num="204" count="162" type="stmt"/>
        <line num="205" count="162" type="stmt"/>
        <line num="206" count="162" type="stmt"/>
        <line num="207" count="162" type="stmt"/>
        <line num="208" count="162" type="stmt"/>
        <line num="209" count="162" type="stmt"/>
        <line num="210" count="162" type="stmt"/>
        <line num="211" count="162" type="stmt"/>
        <line num="212" count="162" type="cond" truecount="1" falsecount="0"/>
        <line num="213" count="4" type="stmt"/>
        <line num="214" count="4" type="stmt"/>
        <line num="215" count="162" type="stmt"/>
        <line num="216" count="162" type="stmt"/>
        <line num="217" count="162" type="stmt"/>
        <line num="218" count="162" type="stmt"/>
        <line num="219" count="162" type="stmt"/>
        <line num="220" count="162" type="stmt"/>
        <line num="221" count="162" type="stmt"/>
        <line num="222" count="162" type="stmt"/>
        <line num="223" count="162" type="stmt"/>
        <line num="224" count="162" type="stmt"/>
        <line num="225" count="162" type="stmt"/>
        <line num="226" count="162" type="stmt"/>
        <line num="227" count="162" type="stmt"/>
        <line num="228" count="162" type="stmt"/>
        <line num="229" count="162" type="stmt"/>
        <line num="230" count="162" type="stmt"/>
        <line num="231" count="162" type="cond" truecount="1" falsecount="0"/>
        <line num="232" count="4" type="stmt"/>
        <line num="233" count="4" type="stmt"/>
        <line num="234" count="4" type="stmt"/>
        <line num="235" count="4" type="stmt"/>
        <line num="236" count="162" type="stmt"/>
        <line num="237" count="162" type="stmt"/>
        <line num="238" count="162" type="cond" truecount="1" falsecount="0"/>
        <line num="239" count="162" type="stmt"/>
        <line num="240" count="162" type="stmt"/>
        <line num="241" count="162" type="stmt"/>
        <line num="242" count="162" type="cond" truecount="1" falsecount="0"/>
        <line num="243" count="162" type="stmt"/>
        <line num="244" count="162" type="stmt"/>
        <line num="245" count="162" type="stmt"/>
        <line num="246" count="162" type="stmt"/>
        <line num="247" count="162" type="stmt"/>
        <line num="248" count="162" type="stmt"/>
        <line num="249" count="162" type="stmt"/>
        <line num="250" count="162" type="stmt"/>
        <line num="251" count="162" type="stmt"/>
        <line num="252" count="162" type="stmt"/>
        <line num="253" count="1" type="stmt"/>
      </file>
      <file name="handlers.ts" path="/home/david/projects/checkout-form/src/components/handlers.ts">
        <metrics statements="72" coveredstatements="72" conditionals="27" coveredconditionals="27" methods="6" coveredmethods="6"/>
        <line num="1" count="1" type="stmt"/>
        <line num="2" count="1" type="stmt"/>
        <line num="3" count="1" type="stmt"/>
        <line num="4" count="1" type="stmt"/>
        <line num="5" count="1" type="stmt"/>
        <line num="6" count="1" type="stmt"/>
        <line num="7" count="1" type="stmt"/>
        <line num="8" count="1" type="stmt"/>
        <line num="9" count="1" type="cond" truecount="1" falsecount="0"/>
        <line num="10" count="95" type="stmt"/>
        <line num="11" count="95" type="stmt"/>
        <line num="12" count="95" type="stmt"/>
        <line num="13" count="95" type="cond" truecount="1" falsecount="0"/>
        <line num="14" count="94" type="stmt"/>
        <line num="15" count="95" type="stmt"/>
        <line num="16" count="95" type="cond" truecount="1" falsecount="0"/>
        <line num="17" count="95" type="cond" truecount="2" falsecount="0"/>
        <line num="18" count="95" type="cond" truecount="1" falsecount="0"/>
        <line num="19" count="94" type="cond" truecount="1" falsecount="0"/>
        <line num="20" count="783" type="cond" truecount="2" falsecount="0"/>
        <line num="21" count="132" type="stmt"/>
        <line num="22" count="132" type="stmt"/>
        <line num="23" count="783" type="stmt"/>
        <line num="24" count="783" type="stmt"/>
        <line num="25" count="95" type="cond" truecount="1" falsecount="0"/>
        <line num="26" count="94" type="stmt"/>
        <line num="27" count="94" type="stmt"/>
        <line num="28" count="94" type="stmt"/>
        <line num="29" count="95" type="cond" truecount="1" falsecount="0"/>
        <line num="30" count="1" type="stmt"/>
        <line num="31" count="1" type="stmt"/>
        <line num="32" count="1" type="stmt"/>
        <line num="33" count="1" type="cond" truecount="1" falsecount="0"/>
        <line num="34" count="19" type="stmt"/>
        <line num="35" count="19" type="stmt"/>
        <line num="36" count="19" type="stmt"/>
        <line num="37" count="19" type="stmt"/>
        <line num="38" count="19" type="stmt"/>
        <line num="39" count="19" type="stmt"/>
        <line num="40" count="19" type="stmt"/>
        <line num="41" count="19" type="cond" truecount="1" falsecount="0"/>
        <line num="42" count="19" type="cond" truecount="2" falsecount="0"/>
        <line num="43" count="19" type="cond" truecount="1" falsecount="0"/>
        <line num="44" count="16" type="cond" truecount="1" falsecount="0"/>
        <line num="45" count="37" type="cond" truecount="1" falsecount="0"/>
        <line num="46" count="6" type="stmt"/>
        <line num="47" count="6" type="stmt"/>
        <line num="48" count="37" type="stmt"/>
        <line num="49" count="37" type="stmt"/>
        <line num="50" count="19" type="cond" truecount="1" falsecount="0"/>
        <line num="51" count="16" type="stmt"/>
        <line num="52" count="16" type="stmt"/>
        <line num="53" count="16" type="stmt"/>
        <line num="54" count="19" type="cond" truecount="1" falsecount="0"/>
        <line num="55" count="1" type="stmt"/>
        <line num="56" count="1" type="stmt"/>
        <line num="57" count="1" type="stmt"/>
        <line num="58" count="1" type="cond" truecount="1" falsecount="0"/>
        <line num="59" count="12" type="stmt"/>
        <line num="60" count="12" type="stmt"/>
        <line num="61" count="12" type="stmt"/>
        <line num="62" count="12" type="stmt"/>
        <line num="63" count="12" type="stmt"/>
        <line num="64" count="12" type="cond" truecount="1" falsecount="0"/>
        <line num="65" count="12" type="stmt"/>
        <line num="66" count="12" type="cond" truecount="1" falsecount="0"/>
        <line num="67" count="12" type="cond" truecount="2" falsecount="0"/>
        <line num="68" count="12" type="cond" truecount="1" falsecount="0"/>
        <line num="69" count="11" type="stmt"/>
        <line num="70" count="11" type="stmt"/>
        <line num="71" count="11" type="stmt"/>
        <line num="72" count="12" type="cond" truecount="1" falsecount="0"/>
      </file>
      <file name="styles.tsx" path="/home/david/projects/checkout-form/src/components/styles.tsx">
        <metrics statements="167" coveredstatements="167" conditionals="14" coveredconditionals="14" methods="6" coveredmethods="6"/>
        <line num="1" count="1" type="stmt"/>
        <line num="2" count="1" type="stmt"/>
        <line num="3" count="1" type="stmt"/>
        <line num="4" count="1" type="stmt"/>
        <line num="5" count="1" type="stmt"/>
        <line num="6" count="1" type="stmt"/>
        <line num="7" count="1" type="stmt"/>
        <line num="8" count="1" type="stmt"/>
        <line num="9" count="1" type="stmt"/>
        <line num="10" count="1" type="stmt"/>
        <line num="11" count="1" type="stmt"/>
        <line num="12" count="1" type="stmt"/>
        <line num="13" count="1" type="stmt"/>
        <line num="14" count="1" type="stmt"/>
        <line num="15" count="1" type="stmt"/>
        <line num="16" count="1" type="stmt"/>
        <line num="17" count="1" type="stmt"/>
        <line num="18" count="1" type="stmt"/>
        <line num="19" count="1" type="stmt"/>
        <line num="20" count="1" type="stmt"/>
        <line num="21" count="1" type="stmt"/>
        <line num="22" count="1" type="stmt"/>
        <line num="23" count="1" type="stmt"/>
        <line num="24" count="1" type="stmt"/>
        <line num="25" count="1" type="stmt"/>
        <line num="26" count="1" type="stmt"/>
        <line num="27" count="1" type="stmt"/>
        <line num="28" count="1" type="stmt"/>
        <line num="29" count="1" type="stmt"/>
        <line num="30" count="1" type="stmt"/>
        <line num="31" count="1" type="stmt"/>
        <line num="32" count="1" type="stmt"/>
        <line num="33" count="1" type="stmt"/>
        <line num="34" count="1" type="stmt"/>
        <line num="35" count="1" type="stmt"/>
        <line num="36" count="1" type="stmt"/>
        <line num="37" count="1" type="stmt"/>
        <line num="38" count="1" type="stmt"/>
        <line num="39" count="1" type="stmt"/>
        <line num="40" count="1" type="stmt"/>
        <line num="41" count="1" type="stmt"/>
        <line num="42" count="1" type="stmt"/>
        <line num="43" count="1" type="stmt"/>
        <line num="44" count="1" type="stmt"/>
        <line num="45" count="1" type="stmt"/>
        <line num="46" count="1" type="stmt"/>
        <line num="47" count="1" type="stmt"/>
        <line num="48" count="1" type="stmt"/>
        <line num="49" count="1" type="stmt"/>
        <line num="50" count="1" type="stmt"/>
        <line num="51" count="1" type="stmt"/>
        <line num="52" count="1" type="stmt"/>
        <line num="53" count="1" type="stmt"/>
        <line num="54" count="1" type="stmt"/>
        <line num="55" count="1" type="stmt"/>
        <line num="56" count="1" type="stmt"/>
        <line num="57" count="1" type="stmt"/>
        <line num="58" count="1" type="stmt"/>
        <line num="59" count="1" type="stmt"/>
        <line num="60" count="1" type="stmt"/>
        <line num="61" count="1" type="stmt"/>
        <line num="62" count="1" type="cond" truecount="3" falsecount="0"/>
        <line num="63" count="1" type="stmt"/>
        <line num="64" count="1" type="stmt"/>
        <line num="65" count="1" type="stmt"/>
        <line num="66" count="1" type="stmt"/>
        <line num="67" count="1" type="cond" truecount="1" falsecount="0"/>
        <line num="68" count="810" type="cond" truecount="1" falsecount="0"/>
        <line num="69" count="1" type="cond" truecount="1" falsecount="0"/>
        <line num="70" count="810" type="cond" truecount="1" falsecount="0"/>
        <line num="71" count="1" type="cond" truecount="2" falsecount="0"/>
        <line num="72" count="1" type="cond" truecount="2" falsecount="0"/>
        <line num="73" count="1" type="cond" truecount="2" falsecount="0"/>
        <line num="74" count="1" type="stmt"/>
        <line num="75" count="1" type="stmt"/>
        <line num="76" count="1" type="stmt"/>
        <line num="77" count="1" type="stmt"/>
        <line num="78" count="1" type="stmt"/>
        <line num="79" count="1" type="stmt"/>
        <line num="80" count="1" type="stmt"/>
        <line num="81" count="1" type="stmt"/>
        <line num="82" count="1" type="stmt"/>
        <line num="83" count="1" type="stmt"/>
        <line num="84" count="1" type="stmt"/>
        <line num="85" count="1" type="stmt"/>
        <line num="86" count="1" type="stmt"/>
        <line num="87" count="1" type="stmt"/>
        <line num="88" count="1" type="stmt"/>
        <line num="89" count="1" type="stmt"/>
        <line num="90" count="1" type="stmt"/>
        <line num="91" count="1" type="stmt"/>
        <line num="92" count="1" type="stmt"/>
        <line num="93" count="1" type="stmt"/>
        <line num="94" count="1" type="stmt"/>
        <line num="95" count="1" type="stmt"/>
        <line num="96" count="1" type="stmt"/>
        <line num="97" count="1" type="stmt"/>
        <line num="98" count="1" type="stmt"/>
        <line num="99" count="1" type="stmt"/>
        <line num="100" count="1" type="stmt"/>
        <line num="101" count="1" type="stmt"/>
        <line num="102" count="1" type="stmt"/>
        <line num="103" count="1" type="stmt"/>
        <line num="104" count="1" type="stmt"/>
        <line num="105" count="1" type="stmt"/>
        <line num="106" count="1" type="stmt"/>
        <line num="107" count="1" type="stmt"/>
        <line num="108" count="1" type="stmt"/>
        <line num="109" count="1" type="stmt"/>
        <line num="110" count="1" type="stmt"/>
        <line num="111" count="1" type="stmt"/>
        <line num="112" count="1" type="stmt"/>
        <line num="113" count="1" type="stmt"/>
        <line num="114" count="1" type="stmt"/>
        <line num="115" count="1" type="stmt"/>
        <line num="116" count="1" type="stmt"/>
        <line num="117" count="1" type="stmt"/>
        <line num="118" count="1" type="stmt"/>
        <line num="119" count="1" type="stmt"/>
        <line num="120" count="1" type="stmt"/>
        <line num="121" count="1" type="stmt"/>
        <line num="122" count="1" type="stmt"/>
        <line num="123" count="1" type="stmt"/>
        <line num="124" count="1" type="stmt"/>
        <line num="125" count="1" type="stmt"/>
        <line num="126" count="1" type="stmt"/>
        <line num="127" count="1" type="stmt"/>
        <line num="128" count="1" type="stmt"/>
        <line num="129" count="1" type="stmt"/>
        <line num="130" count="1" type="stmt"/>
        <line num="131" count="1" type="stmt"/>
        <line num="132" count="1" type="stmt"/>
        <line num="133" count="1" type="stmt"/>
        <line num="134" count="1" type="stmt"/>
        <line num="135" count="1" type="stmt"/>
        <line num="136" count="1" type="stmt"/>
        <line num="137" count="1" type="stmt"/>
        <line num="138" count="1" type="stmt"/>
        <line num="139" count="1" type="stmt"/>
        <line num="140" count="1" type="stmt"/>
        <line num="141" count="1" type="stmt"/>
        <line num="142" count="1" type="stmt"/>
        <line num="143" count="1" type="stmt"/>
        <line num="144" count="1" type="stmt"/>
        <line num="145" count="1" type="stmt"/>
        <line num="146" count="1" type="stmt"/>
        <line num="147" count="1" type="stmt"/>
        <line num="148" count="1" type="stmt"/>
        <line num="149" count="1" type="stmt"/>
        <line num="150" count="1" type="stmt"/>
        <line num="151" count="1" type="stmt"/>
        <line num="152" count="1" type="stmt"/>
        <line num="153" count="1" type="stmt"/>
        <line num="154" count="1" type="stmt"/>
        <line num="155" count="1" type="stmt"/>
        <line num="156" count="1" type="stmt"/>
        <line num="157" count="1" type="stmt"/>
        <line num="158" count="1" type="stmt"/>
        <line num="159" count="1" type="stmt"/>
        <line num="160" count="1" type="stmt"/>
        <line num="161" count="1" type="stmt"/>
        <line num="162" count="1" type="stmt"/>
        <line num="163" count="1" type="stmt"/>
        <line num="164" count="1" type="stmt"/>
        <line num="165" count="1" type="stmt"/>
        <line num="166" count="1" type="cond" truecount="1" falsecount="0"/>
        <line num="167" count="1" type="stmt"/>
      </file>
      <file name="validations.ts" path="/home/david/projects/checkout-form/src/components/validations.ts">
        <metrics statements="22" coveredstatements="22" conditionals="7" coveredconditionals="7" methods="2" coveredmethods="2"/>
        <line num="1" count="1" type="stmt"/>
        <line num="2" count="1" type="stmt"/>
        <line num="3" count="1" type="stmt"/>
        <line num="4" count="1" type="stmt"/>
        <line num="5" count="1" type="cond" truecount="1" falsecount="0"/>
        <line num="6" count="5" type="stmt"/>
        <line num="7" count="5" type="stmt"/>
        <line num="8" count="5" type="stmt"/>
        <line num="9" count="5" type="stmt"/>
        <line num="10" count="5" type="stmt"/>
        <line num="11" count="5" type="stmt"/>
        <line num="12" count="5" type="cond" truecount="1" falsecount="0"/>
        <line num="13" count="5" type="stmt"/>
        <line num="14" count="5" type="stmt"/>
        <line num="15" count="5" type="stmt"/>
        <line num="16" count="5" type="stmt"/>
        <line num="17" count="5" type="stmt"/>
        <line num="18" count="5" type="stmt"/>
        <line num="19" count="5" type="stmt"/>
        <line num="20" count="5" type="stmt"/>
        <line num="21" count="5" type="cond" truecount="4" falsecount="0"/>
        <line num="22" count="5" type="cond" truecount="1" falsecount="0"/>
      </file>
    </package>
  </project>
</coverage>
