{"/home/david/projects/checkout-form/src/setupTests.ts": {"path":"/home/david/projects/checkout-form/src/setupTests.ts","all":false,"statementMap":{"0":{"start":{"line":1,"column":0},"end":{"line":1,"column":54}},"1":{"start":{"line":2,"column":0},"end":{"line":2,"column":58}},"2":{"start":{"line":3,"column":0},"end":{"line":3,"column":32}},"3":{"start":{"line":4,"column":0},"end":{"line":4,"column":0}},"4":{"start":{"line":5,"column":0},"end":{"line":5,"column":24}}},"s":{"0":1,"1":1,"2":1,"3":1,"4":1},"branchMap":{},"b":{},"fnMap":{},"f":{}}
,"/home/david/projects/checkout-form/src/components/Checkout.tsx": {"path":"/home/david/projects/checkout-form/src/components/Checkout.tsx","all":false,"statementMap":{"0":{"start":{"line":1,"column":0},"end":{"line":1,"column":65}},"1":{"start":{"line":2,"column":0},"end":{"line":2,"column":45}},"2":{"start":{"line":3,"column":0},"end":{"line":3,"column":49}},"3":{"start":{"line":4,"column":0},"end":{"line":4,"column":34}},"4":{"start":{"line":5,"column":0},"end":{"line":5,"column":72}},"5":{"start":{"line":6,"column":0},"end":{"line":6,"column":44}},"6":{"start":{"line":7,"column":0},"end":{"line":7,"column":30}},"7":{"start":{"line":8,"column":0},"end":{"line":8,"column":55}},"8":{"start":{"line":9,"column":0},"end":{"line":9,"column":0}},"9":{"start":{"line":10,"column":0},"end":{"line":10,"column":34}},"10":{"start":{"line":11,"column":0},"end":{"line":11,"column":9}},"11":{"start":{"line":12,"column":0},"end":{"line":12,"column":14}},"12":{"start":{"line":13,"column":0},"end":{"line":13,"column":17}},"13":{"start":{"line":14,"column":0},"end":{"line":14,"column":41}},"14":{"start":{"line":15,"column":0},"end":{"line":15,"column":4}},"15":{"start":{"line":16,"column":0},"end":{"line":16,"column":15}},"16":{"start":{"line":17,"column":0},"end":{"line":17,"column":14}},"17":{"start":{"line":18,"column":0},"end":{"line":18,"column":17}},"18":{"start":{"line":19,"column":0},"end":{"line":19,"column":52}},"19":{"start":{"line":20,"column":0},"end":{"line":20,"column":4}},"20":{"start":{"line":21,"column":0},"end":{"line":21,"column":12}},"21":{"start":{"line":22,"column":0},"end":{"line":22,"column":14}},"22":{"start":{"line":23,"column":0},"end":{"line":23,"column":17}},"23":{"start":{"line":24,"column":0},"end":{"line":24,"column":44}},"24":{"start":{"line":25,"column":0},"end":{"line":25,"column":4}},"25":{"start":{"line":26,"column":0},"end":{"line":26,"column":8}},"26":{"start":{"line":27,"column":0},"end":{"line":27,"column":14}},"27":{"start":{"line":28,"column":0},"end":{"line":28,"column":17}},"28":{"start":{"line":29,"column":0},"end":{"line":29,"column":32}},"29":{"start":{"line":30,"column":0},"end":{"line":30,"column":4}},"30":{"start":{"line":31,"column":0},"end":{"line":31,"column":12}},"31":{"start":{"line":32,"column":0},"end":{"line":32,"column":14}},"32":{"start":{"line":33,"column":0},"end":{"line":33,"column":17}},"33":{"start":{"line":34,"column":0},"end":{"line":34,"column":45}},"34":{"start":{"line":35,"column":0},"end":{"line":35,"column":4}},"35":{"start":{"line":36,"column":0},"end":{"line":36,"column":2}},"36":{"start":{"line":37,"column":0},"end":{"line":37,"column":0}},"37":{"start":{"line":38,"column":0},"end":{"line":38,"column":19}},"38":{"start":{"line":39,"column":0},"end":{"line":39,"column":11}},"39":{"start":{"line":40,"column":0},"end":{"line":40,"column":4}},"40":{"start":{"line":41,"column":0},"end":{"line":41,"column":57}},"41":{"start":{"line":42,"column":0},"end":{"line":42,"column":4}},"42":{"start":{"line":43,"column":0},"end":{"line":43,"column":62}},"43":{"start":{"line":44,"column":0},"end":{"line":44,"column":52}},"44":{"start":{"line":45,"column":0},"end":{"line":45,"column":52}},"45":{"start":{"line":46,"column":0},"end":{"line":46,"column":0}},"46":{"start":{"line":47,"column":0},"end":{"line":47,"column":54}},"47":{"start":{"line":48,"column":0},"end":{"line":48,"column":57}},"48":{"start":{"line":49,"column":0},"end":{"line":49,"column":53}},"49":{"start":{"line":50,"column":0},"end":{"line":50,"column":57}},"50":{"start":{"line":51,"column":0},"end":{"line":51,"column":47}},"51":{"start":{"line":52,"column":0},"end":{"line":52,"column":39}},"52":{"start":{"line":53,"column":0},"end":{"line":53,"column":9}},"53":{"start":{"line":54,"column":0},"end":{"line":54,"column":31}},"54":{"start":{"line":55,"column":0},"end":{"line":55,"column":37}},"55":{"start":{"line":56,"column":0},"end":{"line":56,"column":37}},"56":{"start":{"line":57,"column":0},"end":{"line":57,"column":29}},"57":{"start":{"line":58,"column":0},"end":{"line":58,"column":37}},"58":{"start":{"line":59,"column":0},"end":{"line":59,"column":18}},"59":{"start":{"line":60,"column":0},"end":{"line":60,"column":0}},"60":{"start":{"line":61,"column":0},"end":{"line":61,"column":19}},"61":{"start":{"line":62,"column":0},"end":{"line":62,"column":33}},"62":{"start":{"line":63,"column":0},"end":{"line":63,"column":47}},"63":{"start":{"line":64,"column":0},"end":{"line":64,"column":5}},"64":{"start":{"line":65,"column":0},"end":{"line":65,"column":67}},"65":{"start":{"line":66,"column":0},"end":{"line":66,"column":0}},"66":{"start":{"line":67,"column":0},"end":{"line":67,"column":19}},"67":{"start":{"line":68,"column":0},"end":{"line":68,"column":34}},"68":{"start":{"line":69,"column":0},"end":{"line":69,"column":9}},"69":{"start":{"line":70,"column":0},"end":{"line":70,"column":0}},"70":{"start":{"line":71,"column":0},"end":{"line":71,"column":19}},"71":{"start":{"line":72,"column":0},"end":{"line":72,"column":20}},"72":{"start":{"line":73,"column":0},"end":{"line":73,"column":34}},"73":{"start":{"line":74,"column":0},"end":{"line":74,"column":24}},"74":{"start":{"line":75,"column":0},"end":{"line":75,"column":28}},"75":{"start":{"line":76,"column":0},"end":{"line":76,"column":15}},"76":{"start":{"line":77,"column":0},"end":{"line":77,"column":5}},"77":{"start":{"line":78,"column":0},"end":{"line":78,"column":18}},"78":{"start":{"line":79,"column":0},"end":{"line":79,"column":0}},"79":{"start":{"line":80,"column":0},"end":{"line":80,"column":62}},"80":{"start":{"line":81,"column":0},"end":{"line":81,"column":28}},"81":{"start":{"line":82,"column":0},"end":{"line":82,"column":18}},"82":{"start":{"line":83,"column":0},"end":{"line":83,"column":24}},"83":{"start":{"line":84,"column":0},"end":{"line":84,"column":25}},"84":{"start":{"line":85,"column":0},"end":{"line":85,"column":63}},"85":{"start":{"line":86,"column":0},"end":{"line":86,"column":11}},"86":{"start":{"line":87,"column":0},"end":{"line":87,"column":14}},"87":{"start":{"line":88,"column":0},"end":{"line":88,"column":24}},"88":{"start":{"line":89,"column":0},"end":{"line":89,"column":25}},"89":{"start":{"line":90,"column":0},"end":{"line":90,"column":25}},"90":{"start":{"line":91,"column":0},"end":{"line":91,"column":22}},"91":{"start":{"line":92,"column":0},"end":{"line":92,"column":25}},"92":{"start":{"line":93,"column":0},"end":{"line":93,"column":25}},"93":{"start":{"line":94,"column":0},"end":{"line":94,"column":10}},"94":{"start":{"line":95,"column":0},"end":{"line":95,"column":14}},"95":{"start":{"line":96,"column":0},"end":{"line":96,"column":21}},"96":{"start":{"line":97,"column":0},"end":{"line":97,"column":80}},"97":{"start":{"line":98,"column":0},"end":{"line":98,"column":14}},"98":{"start":{"line":99,"column":0},"end":{"line":99,"column":17}},"99":{"start":{"line":100,"column":0},"end":{"line":100,"column":80}},"100":{"start":{"line":101,"column":0},"end":{"line":101,"column":14}},"101":{"start":{"line":102,"column":0},"end":{"line":102,"column":21}},"102":{"start":{"line":103,"column":0},"end":{"line":103,"column":24}},"103":{"start":{"line":104,"column":0},"end":{"line":104,"column":25}},"104":{"start":{"line":105,"column":0},"end":{"line":105,"column":69}},"105":{"start":{"line":106,"column":0},"end":{"line":106,"column":11}},"106":{"start":{"line":107,"column":0},"end":{"line":107,"column":14}},"107":{"start":{"line":108,"column":0},"end":{"line":108,"column":5}},"108":{"start":{"line":109,"column":0},"end":{"line":109,"column":4}},"109":{"start":{"line":110,"column":0},"end":{"line":110,"column":0}},"110":{"start":{"line":111,"column":0},"end":{"line":111,"column":65}},"111":{"start":{"line":112,"column":0},"end":{"line":112,"column":23}},"112":{"start":{"line":113,"column":0},"end":{"line":113,"column":34}},"113":{"start":{"line":114,"column":0},"end":{"line":114,"column":51}},"114":{"start":{"line":115,"column":0},"end":{"line":115,"column":25}},"115":{"start":{"line":116,"column":0},"end":{"line":116,"column":37}},"116":{"start":{"line":117,"column":0},"end":{"line":117,"column":22}},"117":{"start":{"line":118,"column":0},"end":{"line":118,"column":24}},"118":{"start":{"line":119,"column":0},"end":{"line":119,"column":30}},"119":{"start":{"line":120,"column":0},"end":{"line":120,"column":30}},"120":{"start":{"line":121,"column":0},"end":{"line":121,"column":22}},"121":{"start":{"line":122,"column":0},"end":{"line":122,"column":30}},"122":{"start":{"line":123,"column":0},"end":{"line":123,"column":9}},"123":{"start":{"line":124,"column":0},"end":{"line":124,"column":26}},"124":{"start":{"line":125,"column":0},"end":{"line":125,"column":25}},"125":{"start":{"line":126,"column":0},"end":{"line":126,"column":5}},"126":{"start":{"line":127,"column":0},"end":{"line":127,"column":4}},"127":{"start":{"line":128,"column":0},"end":{"line":128,"column":0}},"128":{"start":{"line":129,"column":0},"end":{"line":129,"column":10}},"129":{"start":{"line":130,"column":0},"end":{"line":130,"column":23}},"130":{"start":{"line":131,"column":0},"end":{"line":131,"column":24}},"131":{"start":{"line":132,"column":0},"end":{"line":132,"column":40}},"132":{"start":{"line":133,"column":0},"end":{"line":133,"column":29}},"133":{"start":{"line":134,"column":0},"end":{"line":134,"column":25}},"134":{"start":{"line":135,"column":0},"end":{"line":135,"column":56}},"135":{"start":{"line":136,"column":0},"end":{"line":136,"column":21}},"136":{"start":{"line":137,"column":0},"end":{"line":137,"column":49}},"137":{"start":{"line":138,"column":0},"end":{"line":138,"column":18}},"138":{"start":{"line":139,"column":0},"end":{"line":139,"column":21}},"139":{"start":{"line":140,"column":0},"end":{"line":140,"column":23}},"140":{"start":{"line":141,"column":0},"end":{"line":141,"column":23}},"141":{"start":{"line":142,"column":0},"end":{"line":142,"column":35}},"142":{"start":{"line":143,"column":0},"end":{"line":143,"column":42}},"143":{"start":{"line":144,"column":0},"end":{"line":144,"column":35}},"144":{"start":{"line":145,"column":0},"end":{"line":145,"column":42}},"145":{"start":{"line":146,"column":0},"end":{"line":146,"column":49}},"146":{"start":{"line":147,"column":0},"end":{"line":147,"column":42}},"147":{"start":{"line":148,"column":0},"end":{"line":148,"column":30}},"148":{"start":{"line":149,"column":0},"end":{"line":149,"column":12}},"149":{"start":{"line":150,"column":0},"end":{"line":150,"column":38}},"150":{"start":{"line":151,"column":0},"end":{"line":151,"column":78}},"151":{"start":{"line":152,"column":0},"end":{"line":152,"column":12}},"152":{"start":{"line":153,"column":0},"end":{"line":153,"column":22}},"153":{"start":{"line":154,"column":0},"end":{"line":154,"column":21}},"154":{"start":{"line":155,"column":0},"end":{"line":155,"column":57}},"155":{"start":{"line":156,"column":0},"end":{"line":156,"column":18}},"156":{"start":{"line":157,"column":0},"end":{"line":157,"column":27}},"157":{"start":{"line":158,"column":0},"end":{"line":158,"column":23}},"158":{"start":{"line":159,"column":0},"end":{"line":159,"column":29}},"159":{"start":{"line":160,"column":0},"end":{"line":160,"column":45}},"160":{"start":{"line":161,"column":0},"end":{"line":161,"column":23}},"161":{"start":{"line":162,"column":0},"end":{"line":162,"column":48}},"162":{"start":{"line":163,"column":0},"end":{"line":163,"column":35}},"163":{"start":{"line":164,"column":0},"end":{"line":164,"column":48}},"164":{"start":{"line":165,"column":0},"end":{"line":165,"column":55}},"165":{"start":{"line":166,"column":0},"end":{"line":166,"column":48}},"166":{"start":{"line":167,"column":0},"end":{"line":167,"column":12}},"167":{"start":{"line":168,"column":0},"end":{"line":168,"column":44}},"168":{"start":{"line":169,"column":0},"end":{"line":169,"column":43}},"169":{"start":{"line":170,"column":0},"end":{"line":170,"column":51}},"170":{"start":{"line":171,"column":0},"end":{"line":171,"column":22}},"171":{"start":{"line":172,"column":0},"end":{"line":172,"column":12}},"172":{"start":{"line":173,"column":0},"end":{"line":173,"column":22}},"173":{"start":{"line":174,"column":0},"end":{"line":174,"column":19}},"174":{"start":{"line":175,"column":0},"end":{"line":175,"column":23}},"175":{"start":{"line":176,"column":0},"end":{"line":176,"column":55}},"176":{"start":{"line":177,"column":0},"end":{"line":177,"column":20}},"177":{"start":{"line":178,"column":0},"end":{"line":178,"column":26}},"178":{"start":{"line":179,"column":0},"end":{"line":179,"column":25}},"179":{"start":{"line":180,"column":0},"end":{"line":180,"column":28}},"180":{"start":{"line":181,"column":0},"end":{"line":181,"column":33}},"181":{"start":{"line":182,"column":0},"end":{"line":182,"column":47}},"182":{"start":{"line":183,"column":0},"end":{"line":183,"column":37}},"183":{"start":{"line":184,"column":0},"end":{"line":184,"column":47}},"184":{"start":{"line":185,"column":0},"end":{"line":185,"column":54}},"185":{"start":{"line":186,"column":0},"end":{"line":186,"column":47}},"186":{"start":{"line":187,"column":0},"end":{"line":187,"column":19}},"187":{"start":{"line":188,"column":0},"end":{"line":188,"column":35}},"188":{"start":{"line":189,"column":0},"end":{"line":189,"column":14}},"189":{"start":{"line":190,"column":0},"end":{"line":190,"column":43}},"190":{"start":{"line":191,"column":0},"end":{"line":191,"column":42}},"191":{"start":{"line":192,"column":0},"end":{"line":192,"column":50}},"192":{"start":{"line":193,"column":0},"end":{"line":193,"column":24}},"193":{"start":{"line":194,"column":0},"end":{"line":194,"column":14}},"194":{"start":{"line":195,"column":0},"end":{"line":195,"column":24}},"195":{"start":{"line":196,"column":0},"end":{"line":196,"column":23}},"196":{"start":{"line":197,"column":0},"end":{"line":197,"column":44}},"197":{"start":{"line":198,"column":0},"end":{"line":198,"column":20}},"198":{"start":{"line":199,"column":0},"end":{"line":199,"column":22}},"199":{"start":{"line":200,"column":0},"end":{"line":200,"column":25}},"200":{"start":{"line":201,"column":0},"end":{"line":201,"column":24}},"201":{"start":{"line":202,"column":0},"end":{"line":202,"column":31}},"202":{"start":{"line":203,"column":0},"end":{"line":203,"column":25}},"203":{"start":{"line":204,"column":0},"end":{"line":204,"column":43}},"204":{"start":{"line":205,"column":0},"end":{"line":205,"column":37}},"205":{"start":{"line":206,"column":0},"end":{"line":206,"column":43}},"206":{"start":{"line":207,"column":0},"end":{"line":207,"column":50}},"207":{"start":{"line":208,"column":0},"end":{"line":208,"column":43}},"208":{"start":{"line":209,"column":0},"end":{"line":209,"column":19}},"209":{"start":{"line":210,"column":0},"end":{"line":210,"column":31}},"210":{"start":{"line":211,"column":0},"end":{"line":211,"column":14}},"211":{"start":{"line":212,"column":0},"end":{"line":212,"column":39}},"212":{"start":{"line":213,"column":0},"end":{"line":213,"column":78}},"213":{"start":{"line":214,"column":0},"end":{"line":214,"column":14}},"214":{"start":{"line":215,"column":0},"end":{"line":215,"column":24}},"215":{"start":{"line":216,"column":0},"end":{"line":216,"column":20}},"216":{"start":{"line":217,"column":0},"end":{"line":217,"column":21}},"217":{"start":{"line":218,"column":0},"end":{"line":218,"column":51}},"218":{"start":{"line":219,"column":0},"end":{"line":219,"column":18}},"219":{"start":{"line":220,"column":0},"end":{"line":220,"column":24}},"220":{"start":{"line":221,"column":0},"end":{"line":221,"column":23}},"221":{"start":{"line":222,"column":0},"end":{"line":222,"column":26}},"222":{"start":{"line":223,"column":0},"end":{"line":223,"column":34}},"223":{"start":{"line":224,"column":0},"end":{"line":224,"column":45}},"224":{"start":{"line":225,"column":0},"end":{"line":225,"column":35}},"225":{"start":{"line":226,"column":0},"end":{"line":226,"column":45}},"226":{"start":{"line":227,"column":0},"end":{"line":227,"column":52}},"227":{"start":{"line":228,"column":0},"end":{"line":228,"column":45}},"228":{"start":{"line":229,"column":0},"end":{"line":229,"column":33}},"229":{"start":{"line":230,"column":0},"end":{"line":230,"column":12}},"230":{"start":{"line":231,"column":0},"end":{"line":231,"column":41}},"231":{"start":{"line":232,"column":0},"end":{"line":232,"column":40}},"232":{"start":{"line":233,"column":0},"end":{"line":233,"column":48}},"233":{"start":{"line":234,"column":0},"end":{"line":234,"column":22}},"234":{"start":{"line":235,"column":0},"end":{"line":235,"column":12}},"235":{"start":{"line":236,"column":0},"end":{"line":236,"column":22}},"236":{"start":{"line":237,"column":0},"end":{"line":237,"column":13}},"237":{"start":{"line":238,"column":0},"end":{"line":238,"column":58}},"238":{"start":{"line":239,"column":0},"end":{"line":239,"column":41}},"239":{"start":{"line":240,"column":0},"end":{"line":240,"column":45}},"240":{"start":{"line":241,"column":0},"end":{"line":241,"column":40}},"241":{"start":{"line":242,"column":0},"end":{"line":242,"column":40}},"242":{"start":{"line":243,"column":0},"end":{"line":243,"column":21}},"243":{"start":{"line":244,"column":0},"end":{"line":244,"column":28}},"244":{"start":{"line":245,"column":0},"end":{"line":245,"column":48}},"245":{"start":{"line":246,"column":0},"end":{"line":246,"column":29}},"246":{"start":{"line":247,"column":0},"end":{"line":247,"column":14}},"247":{"start":{"line":248,"column":0},"end":{"line":248,"column":23}},"248":{"start":{"line":249,"column":0},"end":{"line":249,"column":24}},"249":{"start":{"line":250,"column":0},"end":{"line":250,"column":4}},"250":{"start":{"line":251,"column":0},"end":{"line":251,"column":1}},"251":{"start":{"line":252,"column":0},"end":{"line":252,"column":0}},"252":{"start":{"line":253,"column":0},"end":{"line":253,"column":24}}},"s":{"0":1,"1":1,"2":1,"3":1,"4":1,"5":1,"6":1,"7":1,"8":1,"9":1,"10":1,"11":1,"12":1,"13":1,"14":1,"15":1,"16":1,"17":1,"18":1,"19":1,"20":1,"21":1,"22":1,"23":1,"24":1,"25":1,"26":1,"27":1,"28":1,"29":1,"30":1,"31":1,"32":1,"33":1,"34":1,"35":1,"36":1,"37":134,"38":134,"39":134,"40":134,"41":134,"42":134,"43":134,"44":134,"45":134,"46":134,"47":134,"48":134,"49":134,"50":134,"51":134,"52":134,"53":134,"54":134,"55":134,"56":134,"57":134,"58":134,"59":134,"60":134,"61":112,"62":1,"63":1,"64":134,"65":134,"66":134,"67":5,"68":134,"69":134,"70":134,"71":8,"72":2,"73":2,"74":1,"75":2,"76":2,"77":134,"78":134,"79":134,"80":125,"81":125,"82":16,"83":16,"84":16,"85":16,"86":16,"87":125,"88":76,"89":76,"90":76,"91":76,"92":76,"93":76,"94":76,"95":125,"96":14,"97":14,"98":125,"99":9,"100":9,"101":125,"102":10,"103":10,"104":10,"105":10,"106":10,"107":125,"108":125,"109":134,"110":134,"111":4,"112":4,"113":4,"114":2,"115":2,"116":2,"117":2,"118":2,"119":2,"120":2,"121":2,"122":2,"123":2,"124":2,"125":2,"126":4,"127":134,"128":134,"129":134,"130":134,"131":134,"132":134,"133":134,"134":134,"135":134,"136":134,"137":134,"138":134,"139":134,"140":134,"141":134,"142":134,"143":134,"144":134,"145":134,"146":134,"147":134,"148":134,"149":134,"150":4,"151":4,"152":134,"153":134,"154":134,"155":134,"156":134,"157":134,"158":134,"159":134,"160":134,"161":134,"162":134,"163":134,"164":134,"165":134,"166":134,"167":134,"168":3,"169":3,"170":3,"171":3,"172":134,"173":134,"174":134,"175":134,"176":134,"177":134,"178":134,"179":134,"180":134,"181":134,"182":134,"183":134,"184":134,"185":134,"186":134,"187":134,"188":134,"189":134,"190":4,"191":4,"192":4,"193":4,"194":134,"195":134,"196":134,"197":134,"198":134,"199":134,"200":134,"201":134,"202":134,"203":134,"204":134,"205":134,"206":134,"207":134,"208":134,"209":134,"210":134,"211":134,"212":4,"213":4,"214":134,"215":134,"216":134,"217":134,"218":134,"219":134,"220":134,"221":134,"222":134,"223":134,"224":134,"225":134,"226":134,"227":134,"228":134,"229":134,"230":134,"231":4,"232":4,"233":4,"234":4,"235":134,"236":134,"237":134,"238":134,"239":134,"240":134,"241":134,"242":134,"243":134,"244":134,"245":134,"246":134,"247":134,"248":134,"249":134,"250":134,"251":134,"252":1},"branchMap":{"0":{"type":"branch","line":38,"loc":{"start":{"line":38,"column":0},"end":{"line":253,"column":15}},"locations":[{"start":{"line":38,"column":0},"end":{"line":253,"column":15}}]},"1":{"type":"branch","line":150,"loc":{"start":{"line":150,"column":28},"end":{"line":152,"column":12}},"locations":[{"start":{"line":150,"column":28},"end":{"line":152,"column":12}}]},"2":{"type":"branch","line":168,"loc":{"start":{"line":168,"column":34},"end":{"line":172,"column":12}},"locations":[{"start":{"line":168,"column":34},"end":{"line":172,"column":12}}]},"3":{"type":"branch","line":190,"loc":{"start":{"line":190,"column":33},"end":{"line":194,"column":14}},"locations":[{"start":{"line":190,"column":33},"end":{"line":194,"column":14}}]},"4":{"type":"branch","line":212,"loc":{"start":{"line":212,"column":29},"end":{"line":214,"column":14}},"locations":[{"start":{"line":212,"column":29},"end":{"line":214,"column":14}}]},"5":{"type":"branch","line":231,"loc":{"start":{"line":231,"column":31},"end":{"line":235,"column":12}},"locations":[{"start":{"line":231,"column":31},"end":{"line":235,"column":12}}]},"6":{"type":"branch","line":238,"loc":{"start":{"line":238,"column":11},"end":{"line":238,"column":58}},"locations":[{"start":{"line":238,"column":11},"end":{"line":238,"column":58}}]},"7":{"type":"branch","line":242,"loc":{"start":{"line":242,"column":13},"end":{"line":242,"column":40}},"locations":[{"start":{"line":242,"column":13},"end":{"line":242,"column":40}}]},"8":{"type":"branch","line":61,"loc":{"start":{"line":61,"column":12},"end":{"line":65,"column":5}},"locations":[{"start":{"line":61,"column":12},"end":{"line":65,"column":5}}]},"9":{"type":"branch","line":62,"loc":{"start":{"line":62,"column":32},"end":{"line":64,"column":5}},"locations":[{"start":{"line":62,"column":32},"end":{"line":64,"column":5}}]},"10":{"type":"branch","line":67,"loc":{"start":{"line":67,"column":12},"end":{"line":69,"column":5}},"locations":[{"start":{"line":67,"column":12},"end":{"line":69,"column":5}}]},"11":{"type":"branch","line":71,"loc":{"start":{"line":71,"column":12},"end":{"line":78,"column":5}},"locations":[{"start":{"line":71,"column":12},"end":{"line":78,"column":5}}]},"12":{"type":"branch","line":72,"loc":{"start":{"line":72,"column":19},"end":{"line":77,"column":5}},"locations":[{"start":{"line":72,"column":19},"end":{"line":77,"column":5}}]},"13":{"type":"branch","line":74,"loc":{"start":{"line":74,"column":17},"end":{"line":76,"column":9}},"locations":[{"start":{"line":74,"column":17},"end":{"line":76,"column":9}}]},"14":{"type":"branch","line":80,"loc":{"start":{"line":80,"column":24},"end":{"line":109,"column":4}},"locations":[{"start":{"line":80,"column":24},"end":{"line":109,"column":4}}]},"15":{"type":"branch","line":82,"loc":{"start":{"line":82,"column":6},"end":{"line":87,"column":14}},"locations":[{"start":{"line":82,"column":6},"end":{"line":87,"column":14}}]},"16":{"type":"branch","line":88,"loc":{"start":{"line":88,"column":6},"end":{"line":95,"column":14}},"locations":[{"start":{"line":88,"column":6},"end":{"line":95,"column":14}}]},"17":{"type":"branch","line":96,"loc":{"start":{"line":96,"column":6},"end":{"line":98,"column":14}},"locations":[{"start":{"line":96,"column":6},"end":{"line":98,"column":14}}]},"18":{"type":"branch","line":99,"loc":{"start":{"line":99,"column":6},"end":{"line":101,"column":14}},"locations":[{"start":{"line":99,"column":6},"end":{"line":101,"column":14}}]},"19":{"type":"branch","line":102,"loc":{"start":{"line":102,"column":6},"end":{"line":107,"column":14}},"locations":[{"start":{"line":102,"column":6},"end":{"line":107,"column":14}}]},"20":{"type":"branch","line":111,"loc":{"start":{"line":111,"column":23},"end":{"line":127,"column":4}},"locations":[{"start":{"line":111,"column":23},"end":{"line":127,"column":4}}]},"21":{"type":"branch","line":114,"loc":{"start":{"line":114,"column":50},"end":{"line":126,"column":5}},"locations":[{"start":{"line":114,"column":50},"end":{"line":126,"column":5}}]},"22":{"type":"branch","line":135,"loc":{"start":{"line":135,"column":33},"end":{"line":135,"column":55}},"locations":[{"start":{"line":135,"column":33},"end":{"line":135,"column":55}}]}},"b":{"0":[134],"1":[4],"2":[3],"3":[4],"4":[4],"5":[4],"6":[2],"7":[2],"8":[112],"9":[1],"10":[5],"11":[8],"12":[2],"13":[1],"14":[125],"15":[16],"16":[76],"17":[14],"18":[9],"19":[10],"20":[4],"21":[2],"22":[4]},"fnMap":{"0":{"name":"Checkout","decl":{"start":{"line":38,"column":0},"end":{"line":253,"column":15}},"loc":{"start":{"line":38,"column":0},"end":{"line":253,"column":15}},"line":38},"1":{"name":"handleChange","decl":{"start":{"line":80,"column":24},"end":{"line":109,"column":4}},"loc":{"start":{"line":80,"column":24},"end":{"line":109,"column":4}},"line":80},"2":{"name":"handleSubmit","decl":{"start":{"line":111,"column":23},"end":{"line":127,"column":4}},"loc":{"start":{"line":111,"column":23},"end":{"line":127,"column":4}},"line":111},"3":{"name":"onSubmit","decl":{"start":{"line":135,"column":33},"end":{"line":135,"column":55}},"loc":{"start":{"line":135,"column":33},"end":{"line":135,"column":55}},"line":135}},"f":{"0":134,"1":125,"2":4,"3":4}}
,"/home/david/projects/checkout-form/src/components/handlers.ts": {"path":"/home/david/projects/checkout-form/src/components/handlers.ts","all":false,"statementMap":{"0":{"start":{"line":1,"column":0},"end":{"line":1,"column":55}},"1":{"start":{"line":2,"column":0},"end":{"line":2,"column":43}},"2":{"start":{"line":3,"column":0},"end":{"line":3,"column":0}},"3":{"start":{"line":4,"column":0},"end":{"line":4,"column":33}},"4":{"start":{"line":5,"column":0},"end":{"line":5,"column":16}},"5":{"start":{"line":6,"column":0},"end":{"line":6,"column":27}},"6":{"start":{"line":7,"column":0},"end":{"line":7,"column":63}},"7":{"start":{"line":8,"column":0},"end":{"line":8,"column":40}},"8":{"start":{"line":9,"column":0},"end":{"line":9,"column":6}},"9":{"start":{"line":10,"column":0},"end":{"line":10,"column":0}},"10":{"start":{"line":11,"column":0},"end":{"line":11,"column":35}},"11":{"start":{"line":12,"column":0},"end":{"line":12,"column":6}},"12":{"start":{"line":13,"column":0},"end":{"line":13,"column":35}},"13":{"start":{"line":14,"column":0},"end":{"line":14,"column":24}},"14":{"start":{"line":15,"column":0},"end":{"line":15,"column":3}},"15":{"start":{"line":16,"column":0},"end":{"line":16,"column":11}},"16":{"start":{"line":17,"column":0},"end":{"line":17,"column":54}},"17":{"start":{"line":18,"column":0},"end":{"line":18,"column":23}},"18":{"start":{"line":19,"column":0},"end":{"line":19,"column":42}},"19":{"start":{"line":20,"column":0},"end":{"line":20,"column":33}},"20":{"start":{"line":21,"column":0},"end":{"line":21,"column":25}},"21":{"start":{"line":22,"column":0},"end":{"line":22,"column":5}},"22":{"start":{"line":23,"column":0},"end":{"line":23,"column":28}},"23":{"start":{"line":24,"column":0},"end":{"line":24,"column":3}},"24":{"start":{"line":25,"column":0},"end":{"line":25,"column":18}},"25":{"start":{"line":26,"column":0},"end":{"line":26,"column":19}},"26":{"start":{"line":27,"column":0},"end":{"line":27,"column":66}},"27":{"start":{"line":28,"column":0},"end":{"line":28,"column":5}},"28":{"start":{"line":29,"column":0},"end":{"line":29,"column":2}},"29":{"start":{"line":30,"column":0},"end":{"line":30,"column":0}},"30":{"start":{"line":31,"column":0},"end":{"line":31,"column":0}},"31":{"start":{"line":32,"column":0},"end":{"line":32,"column":30}},"32":{"start":{"line":33,"column":0},"end":{"line":33,"column":16}},"33":{"start":{"line":34,"column":0},"end":{"line":34,"column":27}},"34":{"start":{"line":35,"column":0},"end":{"line":35,"column":63}},"35":{"start":{"line":36,"column":0},"end":{"line":36,"column":40}},"36":{"start":{"line":37,"column":0},"end":{"line":37,"column":6}},"37":{"start":{"line":38,"column":0},"end":{"line":38,"column":34}},"38":{"start":{"line":39,"column":0},"end":{"line":39,"column":80}},"39":{"start":{"line":40,"column":0},"end":{"line":40,"column":3}},"40":{"start":{"line":41,"column":0},"end":{"line":41,"column":11}},"41":{"start":{"line":42,"column":0},"end":{"line":42,"column":53}},"42":{"start":{"line":43,"column":0},"end":{"line":43,"column":23}},"43":{"start":{"line":44,"column":0},"end":{"line":44,"column":42}},"44":{"start":{"line":45,"column":0},"end":{"line":45,"column":18}},"45":{"start":{"line":46,"column":0},"end":{"line":46,"column":25}},"46":{"start":{"line":47,"column":0},"end":{"line":47,"column":5}},"47":{"start":{"line":48,"column":0},"end":{"line":48,"column":28}},"48":{"start":{"line":49,"column":0},"end":{"line":49,"column":3}},"49":{"start":{"line":50,"column":0},"end":{"line":50,"column":18}},"50":{"start":{"line":51,"column":0},"end":{"line":51,"column":19}},"51":{"start":{"line":52,"column":0},"end":{"line":52,"column":60}},"52":{"start":{"line":53,"column":0},"end":{"line":53,"column":5}},"53":{"start":{"line":54,"column":0},"end":{"line":54,"column":2}},"54":{"start":{"line":55,"column":0},"end":{"line":55,"column":0}},"55":{"start":{"line":56,"column":0},"end":{"line":56,"column":0}},"56":{"start":{"line":57,"column":0},"end":{"line":57,"column":26}},"57":{"start":{"line":58,"column":0},"end":{"line":58,"column":16}},"58":{"start":{"line":59,"column":0},"end":{"line":59,"column":27}},"59":{"start":{"line":60,"column":0},"end":{"line":60,"column":63}},"60":{"start":{"line":61,"column":0},"end":{"line":61,"column":40}},"61":{"start":{"line":62,"column":0},"end":{"line":62,"column":6}},"62":{"start":{"line":63,"column":0},"end":{"line":63,"column":6}},"63":{"start":{"line":64,"column":0},"end":{"line":64,"column":53}},"64":{"start":{"line":65,"column":0},"end":{"line":65,"column":3}},"65":{"start":{"line":66,"column":0},"end":{"line":66,"column":11}},"66":{"start":{"line":67,"column":0},"end":{"line":67,"column":52}},"67":{"start":{"line":68,"column":0},"end":{"line":68,"column":18}},"68":{"start":{"line":69,"column":0},"end":{"line":69,"column":19}},"69":{"start":{"line":70,"column":0},"end":{"line":70,"column":39}},"70":{"start":{"line":71,"column":0},"end":{"line":71,"column":5}},"71":{"start":{"line":72,"column":0},"end":{"line":72,"column":2}}},"s":{"0":1,"1":1,"2":1,"3":1,"4":1,"5":1,"6":1,"7":1,"8":1,"9":76,"10":76,"11":76,"12":76,"13":75,"14":76,"15":76,"16":76,"17":76,"18":75,"19":623,"20":105,"21":105,"22":623,"23":623,"24":76,"25":75,"26":75,"27":75,"28":76,"29":1,"30":1,"31":1,"32":1,"33":14,"34":14,"35":14,"36":14,"37":14,"38":14,"39":14,"40":14,"41":14,"42":14,"43":11,"44":25,"45":4,"46":4,"47":25,"48":25,"49":14,"50":11,"51":11,"52":11,"53":14,"54":1,"55":1,"56":1,"57":1,"58":9,"59":9,"60":9,"61":9,"62":9,"63":9,"64":9,"65":9,"66":9,"67":9,"68":8,"69":8,"70":8,"71":9},"branchMap":{"0":{"type":"branch","line":9,"loc":{"start":{"line":9,"column":5},"end":{"line":29,"column":2}},"locations":[{"start":{"line":9,"column":5},"end":{"line":29,"column":2}}]},"1":{"type":"branch","line":13,"loc":{"start":{"line":13,"column":31},"end":{"line":14,"column":24}},"locations":[{"start":{"line":13,"column":31},"end":{"line":14,"column":24}}]},"2":{"type":"branch","line":16,"loc":{"start":{"line":16,"column":4},"end":{"line":17,"column":6}},"locations":[{"start":{"line":16,"column":4},"end":{"line":17,"column":6}}]},"3":{"type":"branch","line":17,"loc":{"start":{"line":17,"column":2},"end":{"line":17,"column":37}},"locations":[{"start":{"line":17,"column":2},"end":{"line":17,"column":37}}]},"4":{"type":"branch","line":17,"loc":{"start":{"line":17,"column":27},"end":{"line":18,"column":6}},"locations":[{"start":{"line":17,"column":27},"end":{"line":18,"column":6}}]},"5":{"type":"branch","line":18,"loc":{"start":{"line":18,"column":2},"end":{"line":19,"column":42}},"locations":[{"start":{"line":18,"column":2},"end":{"line":19,"column":42}}]},"6":{"type":"branch","line":19,"loc":{"start":{"line":19,"column":41},"end":{"line":25,"column":17}},"locations":[{"start":{"line":19,"column":41},"end":{"line":25,"column":17}}]},"7":{"type":"branch","line":20,"loc":{"start":{"line":20,"column":14},"end":{"line":20,"column":32}},"locations":[{"start":{"line":20,"column":14},"end":{"line":20,"column":32}}]},"8":{"type":"branch","line":20,"loc":{"start":{"line":20,"column":32},"end":{"line":23,"column":19}},"locations":[{"start":{"line":20,"column":32},"end":{"line":23,"column":19}}]},"9":{"type":"branch","line":25,"loc":{"start":{"line":25,"column":2},"end":{"line":29,"column":2}},"locations":[{"start":{"line":25,"column":2},"end":{"line":29,"column":2}}]},"10":{"type":"branch","line":29,"loc":{"start":{"line":29,"column":0},"end":{"line":29,"column":2}},"locations":[{"start":{"line":29,"column":0},"end":{"line":29,"column":2}}]},"11":{"type":"branch","line":33,"loc":{"start":{"line":33,"column":2},"end":{"line":54,"column":2}},"locations":[{"start":{"line":33,"column":2},"end":{"line":54,"column":2}}]},"12":{"type":"branch","line":41,"loc":{"start":{"line":41,"column":4},"end":{"line":42,"column":6}},"locations":[{"start":{"line":41,"column":4},"end":{"line":42,"column":6}}]},"13":{"type":"branch","line":42,"loc":{"start":{"line":42,"column":2},"end":{"line":42,"column":36}},"locations":[{"start":{"line":42,"column":2},"end":{"line":42,"column":36}}]},"14":{"type":"branch","line":42,"loc":{"start":{"line":42,"column":26},"end":{"line":43,"column":6}},"locations":[{"start":{"line":42,"column":26},"end":{"line":43,"column":6}}]},"15":{"type":"branch","line":43,"loc":{"start":{"line":43,"column":2},"end":{"line":44,"column":42}},"locations":[{"start":{"line":43,"column":2},"end":{"line":44,"column":42}}]},"16":{"type":"branch","line":44,"loc":{"start":{"line":44,"column":41},"end":{"line":50,"column":17}},"locations":[{"start":{"line":44,"column":41},"end":{"line":50,"column":17}}]},"17":{"type":"branch","line":45,"loc":{"start":{"line":45,"column":17},"end":{"line":48,"column":19}},"locations":[{"start":{"line":45,"column":17},"end":{"line":48,"column":19}}]},"18":{"type":"branch","line":50,"loc":{"start":{"line":50,"column":2},"end":{"line":54,"column":2}},"locations":[{"start":{"line":50,"column":2},"end":{"line":54,"column":2}}]},"19":{"type":"branch","line":54,"loc":{"start":{"line":54,"column":0},"end":{"line":54,"column":2}},"locations":[{"start":{"line":54,"column":0},"end":{"line":54,"column":2}}]},"20":{"type":"branch","line":58,"loc":{"start":{"line":58,"column":2},"end":{"line":72,"column":2}},"locations":[{"start":{"line":58,"column":2},"end":{"line":72,"column":2}}]},"21":{"type":"branch","line":64,"loc":{"start":{"line":64,"column":31},"end":{"line":64,"column":53}},"locations":[{"start":{"line":64,"column":31},"end":{"line":64,"column":53}}]},"22":{"type":"branch","line":66,"loc":{"start":{"line":66,"column":4},"end":{"line":67,"column":6}},"locations":[{"start":{"line":66,"column":4},"end":{"line":67,"column":6}}]},"23":{"type":"branch","line":67,"loc":{"start":{"line":67,"column":2},"end":{"line":67,"column":36}},"locations":[{"start":{"line":67,"column":2},"end":{"line":67,"column":36}}]},"24":{"type":"branch","line":67,"loc":{"start":{"line":67,"column":26},"end":{"line":68,"column":17}},"locations":[{"start":{"line":67,"column":26},"end":{"line":68,"column":17}}]},"25":{"type":"branch","line":68,"loc":{"start":{"line":68,"column":2},"end":{"line":72,"column":2}},"locations":[{"start":{"line":68,"column":2},"end":{"line":72,"column":2}}]},"26":{"type":"branch","line":72,"loc":{"start":{"line":72,"column":0},"end":{"line":72,"column":2}},"locations":[{"start":{"line":72,"column":0},"end":{"line":72,"column":2}}]}},"b":{"0":[76],"1":[75],"2":[1],"3":[75],"4":[3],"5":[75],"6":[623],"7":[548],"8":[105],"9":[75],"10":[76],"11":[14],"12":[3],"13":[11],"14":[2],"15":[11],"16":[25],"17":[4],"18":[11],"19":[14],"20":[9],"21":[8],"22":[1],"23":[8],"24":[2],"25":[8],"26":[9]},"fnMap":{"0":{"name":"handleCardNumber","decl":{"start":{"line":9,"column":5},"end":{"line":29,"column":2}},"loc":{"start":{"line":9,"column":5},"end":{"line":29,"column":2}},"line":9},"1":{"name":"get","decl":{"start":{"line":29,"column":0},"end":{"line":29,"column":2}},"loc":{"start":{"line":29,"column":0},"end":{"line":29,"column":2}},"line":29},"2":{"name":"handleExpDate","decl":{"start":{"line":33,"column":2},"end":{"line":54,"column":2}},"loc":{"start":{"line":33,"column":2},"end":{"line":54,"column":2}},"line":33},"3":{"name":"get","decl":{"start":{"line":54,"column":0},"end":{"line":54,"column":2}},"loc":{"start":{"line":54,"column":0},"end":{"line":54,"column":2}},"line":54},"4":{"name":"handleCVV","decl":{"start":{"line":58,"column":2},"end":{"line":72,"column":2}},"loc":{"start":{"line":58,"column":2},"end":{"line":72,"column":2}},"line":58},"5":{"name":"get","decl":{"start":{"line":72,"column":0},"end":{"line":72,"column":2}},"loc":{"start":{"line":72,"column":0},"end":{"line":72,"column":2}},"line":72}},"f":{"0":76,"1":76,"2":14,"3":14,"4":9,"5":9}}
,"/home/david/projects/checkout-form/src/components/styles.tsx": {"path":"/home/david/projects/checkout-form/src/components/styles.tsx","all":false,"statementMap":{"0":{"start":{"line":1,"column":0},"end":{"line":1,"column":39}},"1":{"start":{"line":2,"column":0},"end":{"line":2,"column":49}},"2":{"start":{"line":3,"column":0},"end":{"line":3,"column":49}},"3":{"start":{"line":4,"column":0},"end":{"line":4,"column":37}},"4":{"start":{"line":5,"column":0},"end":{"line":5,"column":0}},"5":{"start":{"line":6,"column":0},"end":{"line":6,"column":35}},"6":{"start":{"line":7,"column":0},"end":{"line":7,"column":21}},"7":{"start":{"line":8,"column":0},"end":{"line":8,"column":16}},"8":{"start":{"line":9,"column":0},"end":{"line":9,"column":25}},"9":{"start":{"line":10,"column":0},"end":{"line":10,"column":12}},"10":{"start":{"line":11,"column":0},"end":{"line":11,"column":19}},"11":{"start":{"line":12,"column":0},"end":{"line":12,"column":21}},"12":{"start":{"line":13,"column":0},"end":{"line":13,"column":16}},"13":{"start":{"line":14,"column":0},"end":{"line":14,"column":36}},"14":{"start":{"line":15,"column":0},"end":{"line":15,"column":2}},"15":{"start":{"line":16,"column":0},"end":{"line":16,"column":0}},"16":{"start":{"line":17,"column":0},"end":{"line":17,"column":34}},"17":{"start":{"line":18,"column":0},"end":{"line":18,"column":16}},"18":{"start":{"line":19,"column":0},"end":{"line":19,"column":25}},"19":{"start":{"line":20,"column":0},"end":{"line":20,"column":22}},"20":{"start":{"line":21,"column":0},"end":{"line":21,"column":11}},"21":{"start":{"line":22,"column":0},"end":{"line":22,"column":0}},"22":{"start":{"line":23,"column":0},"end":{"line":23,"column":6}},"23":{"start":{"line":24,"column":0},"end":{"line":24,"column":22}},"24":{"start":{"line":25,"column":0},"end":{"line":25,"column":20}},"25":{"start":{"line":26,"column":0},"end":{"line":26,"column":14}},"26":{"start":{"line":27,"column":0},"end":{"line":27,"column":3}},"27":{"start":{"line":28,"column":0},"end":{"line":28,"column":0}},"28":{"start":{"line":29,"column":0},"end":{"line":29,"column":7}},"29":{"start":{"line":30,"column":0},"end":{"line":30,"column":16}},"30":{"start":{"line":31,"column":0},"end":{"line":31,"column":17}},"31":{"start":{"line":32,"column":0},"end":{"line":32,"column":3}},"32":{"start":{"line":33,"column":0},"end":{"line":33,"column":2}},"33":{"start":{"line":34,"column":0},"end":{"line":34,"column":0}},"34":{"start":{"line":35,"column":0},"end":{"line":35,"column":34}},"35":{"start":{"line":36,"column":0},"end":{"line":36,"column":18}},"36":{"start":{"line":37,"column":0},"end":{"line":37,"column":19}},"37":{"start":{"line":38,"column":0},"end":{"line":38,"column":17}},"38":{"start":{"line":39,"column":0},"end":{"line":39,"column":21}},"39":{"start":{"line":40,"column":0},"end":{"line":40,"column":18}},"40":{"start":{"line":41,"column":0},"end":{"line":41,"column":2}},"41":{"start":{"line":42,"column":0},"end":{"line":42,"column":0}},"42":{"start":{"line":43,"column":0},"end":{"line":43,"column":33}},"43":{"start":{"line":44,"column":0},"end":{"line":44,"column":16}},"44":{"start":{"line":45,"column":0},"end":{"line":45,"column":25}},"45":{"start":{"line":46,"column":0},"end":{"line":46,"column":12}},"46":{"start":{"line":47,"column":0},"end":{"line":47,"column":2}},"47":{"start":{"line":48,"column":0},"end":{"line":48,"column":0}},"48":{"start":{"line":49,"column":0},"end":{"line":49,"column":29}},"49":{"start":{"line":50,"column":0},"end":{"line":50,"column":16}},"50":{"start":{"line":51,"column":0},"end":{"line":51,"column":25}},"51":{"start":{"line":52,"column":0},"end":{"line":52,"column":11}},"52":{"start":{"line":53,"column":0},"end":{"line":53,"column":0}},"53":{"start":{"line":54,"column":0},"end":{"line":54,"column":9}},"54":{"start":{"line":55,"column":0},"end":{"line":55,"column":21}},"55":{"start":{"line":56,"column":0},"end":{"line":56,"column":3}},"56":{"start":{"line":57,"column":0},"end":{"line":57,"column":2}},"57":{"start":{"line":58,"column":0},"end":{"line":58,"column":0}},"58":{"start":{"line":59,"column":0},"end":{"line":59,"column":39}},"59":{"start":{"line":60,"column":0},"end":{"line":60,"column":16}},"60":{"start":{"line":61,"column":0},"end":{"line":61,"column":18}},"61":{"start":{"line":62,"column":0},"end":{"line":62,"column":80}},"62":{"start":{"line":63,"column":0},"end":{"line":63,"column":21}},"63":{"start":{"line":64,"column":0},"end":{"line":64,"column":18}},"64":{"start":{"line":65,"column":0},"end":{"line":65,"column":19}},"65":{"start":{"line":66,"column":0},"end":{"line":66,"column":3}},"66":{"start":{"line":67,"column":0},"end":{"line":67,"column":29}},"67":{"start":{"line":68,"column":0},"end":{"line":68,"column":67}},"68":{"start":{"line":69,"column":0},"end":{"line":69,"column":29}},"69":{"start":{"line":70,"column":0},"end":{"line":70,"column":67}},"70":{"start":{"line":71,"column":0},"end":{"line":71,"column":51}},"71":{"start":{"line":72,"column":0},"end":{"line":72,"column":73}},"72":{"start":{"line":73,"column":0},"end":{"line":73,"column":46}},"73":{"start":{"line":74,"column":0},"end":{"line":74,"column":2}},"74":{"start":{"line":75,"column":0},"end":{"line":75,"column":0}},"75":{"start":{"line":76,"column":0},"end":{"line":76,"column":27}},"76":{"start":{"line":77,"column":0},"end":{"line":77,"column":16}},"77":{"start":{"line":78,"column":0},"end":{"line":78,"column":33}},"78":{"start":{"line":79,"column":0},"end":{"line":79,"column":2}},"79":{"start":{"line":80,"column":0},"end":{"line":80,"column":0}},"80":{"start":{"line":81,"column":0},"end":{"line":81,"column":29}},"81":{"start":{"line":82,"column":0},"end":{"line":82,"column":21}},"82":{"start":{"line":83,"column":0},"end":{"line":83,"column":26}},"83":{"start":{"line":84,"column":0},"end":{"line":84,"column":16}},"84":{"start":{"line":85,"column":0},"end":{"line":85,"column":14}},"85":{"start":{"line":86,"column":0},"end":{"line":86,"column":21}},"86":{"start":{"line":87,"column":0},"end":{"line":87,"column":28}},"87":{"start":{"line":88,"column":0},"end":{"line":88,"column":19}},"88":{"start":{"line":89,"column":0},"end":{"line":89,"column":18}},"89":{"start":{"line":90,"column":0},"end":{"line":90,"column":15}},"90":{"start":{"line":91,"column":0},"end":{"line":91,"column":21}},"91":{"start":{"line":92,"column":0},"end":{"line":92,"column":18}},"92":{"start":{"line":93,"column":0},"end":{"line":93,"column":14}},"93":{"start":{"line":94,"column":0},"end":{"line":94,"column":32}},"94":{"start":{"line":95,"column":0},"end":{"line":95,"column":3}},"95":{"start":{"line":96,"column":0},"end":{"line":96,"column":0}},"96":{"start":{"line":97,"column":0},"end":{"line":97,"column":7}},"97":{"start":{"line":98,"column":0},"end":{"line":98,"column":26}},"98":{"start":{"line":99,"column":0},"end":{"line":99,"column":19}},"99":{"start":{"line":100,"column":0},"end":{"line":100,"column":17}},"100":{"start":{"line":101,"column":0},"end":{"line":101,"column":3}},"101":{"start":{"line":102,"column":0},"end":{"line":102,"column":2}},"102":{"start":{"line":103,"column":0},"end":{"line":103,"column":0}},"103":{"start":{"line":104,"column":0},"end":{"line":104,"column":26}},"104":{"start":{"line":105,"column":0},"end":{"line":105,"column":44}},"105":{"start":{"line":106,"column":0},"end":{"line":106,"column":17}},"106":{"start":{"line":107,"column":0},"end":{"line":107,"column":18}},"107":{"start":{"line":108,"column":0},"end":{"line":108,"column":2}},"108":{"start":{"line":109,"column":0},"end":{"line":109,"column":0}},"109":{"start":{"line":110,"column":0},"end":{"line":110,"column":28}},"110":{"start":{"line":111,"column":0},"end":{"line":111,"column":21}},"111":{"start":{"line":112,"column":0},"end":{"line":112,"column":12}},"112":{"start":{"line":113,"column":0},"end":{"line":113,"column":11}},"113":{"start":{"line":114,"column":0},"end":{"line":114,"column":14}},"114":{"start":{"line":115,"column":0},"end":{"line":115,"column":18}},"115":{"start":{"line":116,"column":0},"end":{"line":116,"column":21}},"116":{"start":{"line":117,"column":0},"end":{"line":117,"column":17}},"117":{"start":{"line":118,"column":0},"end":{"line":118,"column":28}},"118":{"start":{"line":119,"column":0},"end":{"line":119,"column":29}},"119":{"start":{"line":120,"column":0},"end":{"line":120,"column":34}},"120":{"start":{"line":121,"column":0},"end":{"line":121,"column":0}},"121":{"start":{"line":122,"column":0},"end":{"line":122,"column":21}},"122":{"start":{"line":123,"column":0},"end":{"line":123,"column":8}},"123":{"start":{"line":124,"column":0},"end":{"line":124,"column":17}},"124":{"start":{"line":125,"column":0},"end":{"line":125,"column":5}},"125":{"start":{"line":126,"column":0},"end":{"line":126,"column":0}},"126":{"start":{"line":127,"column":0},"end":{"line":127,"column":10}},"127":{"start":{"line":128,"column":0},"end":{"line":128,"column":17}},"128":{"start":{"line":129,"column":0},"end":{"line":129,"column":5}},"129":{"start":{"line":130,"column":0},"end":{"line":130,"column":3}},"130":{"start":{"line":131,"column":0},"end":{"line":131,"column":2}},"131":{"start":{"line":132,"column":0},"end":{"line":132,"column":0}},"132":{"start":{"line":133,"column":0},"end":{"line":133,"column":27}},"133":{"start":{"line":134,"column":0},"end":{"line":134,"column":21}},"134":{"start":{"line":135,"column":0},"end":{"line":135,"column":14}},"135":{"start":{"line":136,"column":0},"end":{"line":136,"column":14}},"136":{"start":{"line":137,"column":0},"end":{"line":137,"column":14}},"137":{"start":{"line":138,"column":0},"end":{"line":138,"column":15}},"138":{"start":{"line":139,"column":0},"end":{"line":139,"column":47}},"139":{"start":{"line":140,"column":0},"end":{"line":140,"column":21}},"140":{"start":{"line":141,"column":0},"end":{"line":141,"column":33}},"141":{"start":{"line":142,"column":0},"end":{"line":142,"column":37}},"142":{"start":{"line":143,"column":0},"end":{"line":143,"column":0}},"143":{"start":{"line":144,"column":0},"end":{"line":144,"column":19}},"144":{"start":{"line":145,"column":0},"end":{"line":145,"column":8}},"145":{"start":{"line":146,"column":0},"end":{"line":146,"column":30}},"146":{"start":{"line":147,"column":0},"end":{"line":147,"column":5}},"147":{"start":{"line":148,"column":0},"end":{"line":148,"column":0}},"148":{"start":{"line":149,"column":0},"end":{"line":149,"column":10}},"149":{"start":{"line":150,"column":0},"end":{"line":150,"column":32}},"150":{"start":{"line":151,"column":0},"end":{"line":151,"column":5}},"151":{"start":{"line":152,"column":0},"end":{"line":152,"column":3}},"152":{"start":{"line":153,"column":0},"end":{"line":153,"column":2}},"153":{"start":{"line":154,"column":0},"end":{"line":154,"column":0}},"154":{"start":{"line":155,"column":0},"end":{"line":155,"column":8}},"155":{"start":{"line":156,"column":0},"end":{"line":156,"column":9}},"156":{"start":{"line":157,"column":0},"end":{"line":157,"column":17}},"157":{"start":{"line":158,"column":0},"end":{"line":158,"column":15}},"158":{"start":{"line":159,"column":0},"end":{"line":159,"column":17}},"159":{"start":{"line":160,"column":0},"end":{"line":160,"column":18}},"160":{"start":{"line":161,"column":0},"end":{"line":161,"column":8}},"161":{"start":{"line":162,"column":0},"end":{"line":162,"column":10}},"162":{"start":{"line":163,"column":0},"end":{"line":163,"column":12}},"163":{"start":{"line":164,"column":0},"end":{"line":164,"column":8}},"164":{"start":{"line":165,"column":0},"end":{"line":165,"column":10}},"165":{"start":{"line":166,"column":0},"end":{"line":166,"column":10}},"166":{"start":{"line":167,"column":0},"end":{"line":167,"column":2}}},"s":{"0":1,"1":1,"2":1,"3":1,"4":1,"5":1,"6":1,"7":1,"8":1,"9":1,"10":1,"11":1,"12":1,"13":1,"14":1,"15":1,"16":1,"17":1,"18":1,"19":1,"20":1,"21":1,"22":1,"23":1,"24":1,"25":1,"26":1,"27":1,"28":1,"29":1,"30":1,"31":1,"32":1,"33":1,"34":1,"35":1,"36":1,"37":1,"38":1,"39":1,"40":1,"41":1,"42":1,"43":1,"44":1,"45":1,"46":1,"47":1,"48":1,"49":1,"50":1,"51":1,"52":1,"53":1,"54":1,"55":1,"56":1,"57":1,"58":1,"59":1,"60":1,"61":1,"62":1,"63":1,"64":1,"65":1,"66":1,"67":670,"68":1,"69":670,"70":1,"71":1,"72":1,"73":1,"74":1,"75":1,"76":1,"77":1,"78":1,"79":1,"80":1,"81":1,"82":1,"83":1,"84":1,"85":1,"86":1,"87":1,"88":1,"89":1,"90":1,"91":1,"92":1,"93":1,"94":1,"95":1,"96":1,"97":1,"98":1,"99":1,"100":1,"101":1,"102":1,"103":1,"104":1,"105":1,"106":1,"107":1,"108":1,"109":1,"110":1,"111":1,"112":1,"113":1,"114":1,"115":1,"116":1,"117":1,"118":1,"119":1,"120":1,"121":1,"122":1,"123":1,"124":1,"125":1,"126":1,"127":1,"128":1,"129":1,"130":1,"131":1,"132":1,"133":1,"134":1,"135":1,"136":1,"137":1,"138":1,"139":1,"140":1,"141":1,"142":1,"143":1,"144":1,"145":1,"146":1,"147":1,"148":1,"149":1,"150":1,"151":1,"152":1,"153":1,"154":1,"155":1,"156":1,"157":1,"158":1,"159":1,"160":1,"161":1,"162":1,"163":1,"164":1,"165":1,"166":1},"branchMap":{"0":{"type":"branch","line":62,"loc":{"start":{"line":62,"column":13},"end":{"line":62,"column":80}},"locations":[{"start":{"line":62,"column":13},"end":{"line":62,"column":80}}]},"1":{"type":"branch","line":62,"loc":{"start":{"line":62,"column":28},"end":{"line":62,"column":58}},"locations":[{"start":{"line":62,"column":28},"end":{"line":62,"column":58}}]},"2":{"type":"branch","line":62,"loc":{"start":{"line":62,"column":36},"end":{"line":62,"column":80}},"locations":[{"start":{"line":62,"column":36},"end":{"line":62,"column":80}}]},"3":{"type":"branch","line":67,"loc":{"start":{"line":67,"column":17},"end":{"line":68,"column":67}},"locations":[{"start":{"line":67,"column":17},"end":{"line":68,"column":67}}]},"4":{"type":"branch","line":68,"loc":{"start":{"line":68,"column":13},"end":{"line":68,"column":67}},"locations":[{"start":{"line":68,"column":13},"end":{"line":68,"column":67}}]},"5":{"type":"branch","line":69,"loc":{"start":{"line":69,"column":17},"end":{"line":70,"column":67}},"locations":[{"start":{"line":69,"column":17},"end":{"line":70,"column":67}}]},"6":{"type":"branch","line":70,"loc":{"start":{"line":70,"column":13},"end":{"line":70,"column":67}},"locations":[{"start":{"line":70,"column":13},"end":{"line":70,"column":67}}]},"7":{"type":"branch","line":71,"loc":{"start":{"line":71,"column":22},"end":{"line":71,"column":51}},"locations":[{"start":{"line":71,"column":22},"end":{"line":71,"column":51}}]},"8":{"type":"branch","line":71,"loc":{"start":{"line":71,"column":35},"end":{"line":71,"column":51}},"locations":[{"start":{"line":71,"column":35},"end":{"line":71,"column":51}}]},"9":{"type":"branch","line":72,"loc":{"start":{"line":72,"column":28},"end":{"line":72,"column":73}},"locations":[{"start":{"line":72,"column":28},"end":{"line":72,"column":73}}]},"10":{"type":"branch","line":72,"loc":{"start":{"line":72,"column":41},"end":{"line":72,"column":73}},"locations":[{"start":{"line":72,"column":41},"end":{"line":72,"column":73}}]},"11":{"type":"branch","line":73,"loc":{"start":{"line":73,"column":12},"end":{"line":73,"column":46}},"locations":[{"start":{"line":73,"column":12},"end":{"line":73,"column":46}}]},"12":{"type":"branch","line":73,"loc":{"start":{"line":73,"column":26},"end":{"line":73,"column":46}},"locations":[{"start":{"line":73,"column":26},"end":{"line":73,"column":46}}]},"13":{"type":"branch","line":166,"loc":{"start":{"line":166,"column":2},"end":{"line":166,"column":10}},"locations":[{"start":{"line":166,"column":2},"end":{"line":166,"column":10}}]}},"b":{"0":[670],"1":[19],"2":[651],"3":[670],"4":[134],"5":[670],"6":[134],"7":[670],"8":[268],"9":[670],"10":[268],"11":[670],"12":[268],"13":[2]},"fnMap":{"0":{"name":"__vite_ssr_import_0__.default.input.icon.icon","decl":{"start":{"line":62,"column":13},"end":{"line":62,"column":80}},"loc":{"start":{"line":62,"column":13},"end":{"line":62,"column":80}},"line":62},"1":{"name":"__vite_ssr_import_0__.default.input.icon.icon","decl":{"start":{"line":67,"column":17},"end":{"line":68,"column":67}},"loc":{"start":{"line":67,"column":17},"end":{"line":68,"column":67}},"line":67},"2":{"name":"__vite_ssr_import_0__.default.input.icon.icon","decl":{"start":{"line":69,"column":17},"end":{"line":70,"column":67}},"loc":{"start":{"line":69,"column":17},"end":{"line":70,"column":67}},"line":69},"3":{"name":"__vite_ssr_import_0__.default.input.icon.icon","decl":{"start":{"line":71,"column":22},"end":{"line":71,"column":51}},"loc":{"start":{"line":71,"column":22},"end":{"line":71,"column":51}},"line":71},"4":{"name":"__vite_ssr_import_0__.default.input.small.small","decl":{"start":{"line":72,"column":28},"end":{"line":72,"column":73}},"loc":{"start":{"line":72,"column":28},"end":{"line":72,"column":73}},"line":72},"5":{"name":"get","decl":{"start":{"line":166,"column":2},"end":{"line":166,"column":10}},"loc":{"start":{"line":166,"column":2},"end":{"line":166,"column":10}},"line":166}},"f":{"0":670,"1":670,"2":670,"3":670,"4":670,"5":2}}
,"/home/david/projects/checkout-form/src/components/validations.ts": {"path":"/home/david/projects/checkout-form/src/components/validations.ts","all":false,"statementMap":{"0":{"start":{"line":1,"column":0},"end":{"line":1,"column":39}},"1":{"start":{"line":2,"column":0},"end":{"line":2,"column":38}},"2":{"start":{"line":3,"column":0},"end":{"line":3,"column":0}},"3":{"start":{"line":4,"column":0},"end":{"line":4,"column":0}},"4":{"start":{"line":5,"column":0},"end":{"line":5,"column":120}},"5":{"start":{"line":6,"column":0},"end":{"line":6,"column":57}},"6":{"start":{"line":7,"column":0},"end":{"line":7,"column":85}},"7":{"start":{"line":8,"column":0},"end":{"line":8,"column":83}},"8":{"start":{"line":9,"column":0},"end":{"line":9,"column":63}},"9":{"start":{"line":10,"column":0},"end":{"line":10,"column":57}},"10":{"start":{"line":11,"column":0},"end":{"line":11,"column":0}},"11":{"start":{"line":12,"column":0},"end":{"line":12,"column":27}},"12":{"start":{"line":13,"column":0},"end":{"line":13,"column":12}},"13":{"start":{"line":14,"column":0},"end":{"line":14,"column":45}},"14":{"start":{"line":15,"column":0},"end":{"line":15,"column":57}},"15":{"start":{"line":16,"column":0},"end":{"line":16,"column":54}},"16":{"start":{"line":17,"column":0},"end":{"line":17,"column":54}},"17":{"start":{"line":18,"column":0},"end":{"line":18,"column":42}},"18":{"start":{"line":19,"column":0},"end":{"line":19,"column":0}},"19":{"start":{"line":20,"column":0},"end":{"line":20,"column":6}},"20":{"start":{"line":21,"column":0},"end":{"line":21,"column":81}},"21":{"start":{"line":22,"column":0},"end":{"line":22,"column":1}}},"s":{"0":1,"1":1,"2":1,"3":1,"4":1,"5":5,"6":5,"7":5,"8":5,"9":5,"10":5,"11":5,"12":5,"13":5,"14":5,"15":5,"16":5,"17":5,"18":5,"19":5,"20":5,"21":5},"branchMap":{"0":{"type":"branch","line":5,"loc":{"start":{"line":5,"column":119},"end":{"line":22,"column":1}},"locations":[{"start":{"line":5,"column":119},"end":{"line":22,"column":1}}]},"1":{"type":"branch","line":21,"loc":{"start":{"line":21,"column":10},"end":{"line":21,"column":37}},"locations":[{"start":{"line":21,"column":10},"end":{"line":21,"column":37}}]},"2":{"type":"branch","line":21,"loc":{"start":{"line":21,"column":24},"end":{"line":21,"column":54}},"locations":[{"start":{"line":21,"column":24},"end":{"line":21,"column":54}}]},"3":{"type":"branch","line":21,"loc":{"start":{"line":21,"column":38},"end":{"line":21,"column":71}},"locations":[{"start":{"line":21,"column":38},"end":{"line":21,"column":71}}]},"4":{"type":"branch","line":21,"loc":{"start":{"line":21,"column":55},"end":{"line":21,"column":81}},"locations":[{"start":{"line":21,"column":55},"end":{"line":21,"column":81}}]},"5":{"type":"branch","line":12,"loc":{"start":{"line":12,"column":17},"end":{"line":20,"column":6}},"locations":[{"start":{"line":12,"column":17},"end":{"line":20,"column":6}}]},"6":{"type":"branch","line":22,"loc":{"start":{"line":22,"column":0},"end":{"line":22,"column":1}},"locations":[{"start":{"line":22,"column":0},"end":{"line":22,"column":1}}]}},"b":{"0":[5],"1":[2],"2":[2],"3":[2],"4":[2],"5":[5],"6":[5]},"fnMap":{"0":{"name":"validateAll","decl":{"start":{"line":5,"column":119},"end":{"line":22,"column":1}},"loc":{"start":{"line":5,"column":119},"end":{"line":22,"column":1}},"line":5},"1":{"name":"get","decl":{"start":{"line":22,"column":0},"end":{"line":22,"column":1}},"loc":{"start":{"line":22,"column":0},"end":{"line":22,"column":1}},"line":22}},"f":{"0":5,"1":5}}
}
